<?xml version="1.0" encoding="UTF-8"?>
<!-- Generated by org.testng.reporters.JUnitReportReporter -->
<testsuite hostname="THANHKHANH" failures="0" tests="1" name="com.launch.LaunchBrowser" time="5.744" errors="0" timestamp="2020-06-07T08:12:10 PDT" skipped="0">
  <testcase classname="com.launch.LaunchBrowser" name="LaunchBrowsers" time="5.744"/>
  <system-out/>
</testsuite> <!-- com.launch.LaunchBrowser -->
