<?xml version="1.0" encoding="UTF-8"?>
<!-- Generated by org.testng.reporters.JUnitReportReporter -->
<testsuite hostname="THANHKHANH" failures="0" tests="4" name="com.parallel.ParallelTests" time="32.433" errors="0" timestamp="2020-06-02T17:10:35 PDT" skipped="0">
  <testcase classname="com.parallel.ParallelTests" name="TryFacebook1" time="2.050"/>
  <system-out/>
  <testcase classname="com.parallel.ParallelTests" name="TryFacebook2" time="2.124"/>
  <system-out/>
  <testcase classname="com.parallel.ParallelTests" name="LaunchFirefox" time="18.693"/>
  <system-out/>
  <testcase classname="com.parallel.ParallelTests" name="LaunchChrome" time="9.566"/>
  <system-out/>
</testsuite> <!-- com.parallel.ParallelTests -->
