<?xml version="1.0" encoding="UTF-8"?>
<!-- Generated by org.testng.reporters.JUnitReportReporter -->
<testsuite hostname="THANHKHANH" failures="0" tests="2" name="com.testannotations.TestAnnotations" time="0.006" errors="0" timestamp="2020-06-02T16:24:53 PDT" skipped="0">
  <testcase classname="com.testannotations.TestAnnotations" name="Test2" time="0.001"/>
  <system-out/>
  <testcase classname="com.testannotations.TestAnnotations" name="Test1" time="0.005"/>
  <system-out/>
</testsuite> <!-- com.testannotations.TestAnnotations -->
