<?xml version="1.0" encoding="UTF-8"?>
<!-- Generated by org.testng.reporters.JUnitReportReporter -->
<testsuite hostname="THANHKHANH" failures="0" tests="2" name="com.annotations.TestAnnotations3" time="0.011" errors="0" timestamp="2020-06-07T08:10:25 PDT" skipped="0">
  <testcase classname="com.annotations.TestAnnotations3" name="Test1" time="0.008"/>
  <system-out/>
  <testcase classname="com.annotations.TestAnnotations3" name="Test2" time="0.003"/>
  <system-out/>
</testsuite> <!-- com.annotations.TestAnnotations3 -->
