<?xml version="1.0" encoding="UTF-8"?>
<!-- Generated by org.testng.reporters.JUnitReportReporter -->
<testsuite hostname="THANHKHANH" failures="0" tests="2" name="com.groups.GroupingTests" time="0.009" errors="0" timestamp="2020-06-07T09:17:45 PDT" skipped="0">
  <testcase classname="com.groups.GroupingTests" name="EmptyPasswordLogin" time="0.008"/>
  <system-out/>
  <testcase classname="com.groups.GroupingTests" name="ValidLogin" time="0.001"/>
  <system-out/>
</testsuite> <!-- com.groups.GroupingTests -->
