<?xml version="1.0" encoding="UTF-8"?>
<!-- Generated by org.testng.reporters.JUnitReportReporter -->
<testsuite hostname="THANHKHANH" failures="0" tests="1" name="reportexcel.Test_01" time="7.123" errors="0" timestamp="2020-06-06T22:32:43 PDT" skipped="0">
  <testcase classname="reportexcel.Test_01" name="t_001" time="7.123"/>
  <system-out/>
</testsuite> <!-- reportexcel.Test_01 -->
