<?xml version="1.0" encoding="UTF-8"?>
<!-- Generated by org.testng.reporters.JUnitReportReporter -->
<testsuite hostname="THANHKHANH" failures="0" tests="3" name="com.annotations.TestAnnotations2" time="0.009" errors="0" timestamp="2020-06-06T10:07:46 PDT" skipped="0">
  <testcase classname="com.annotations.TestAnnotations2" name="FundTransfer" time="0.001"/>
  <system-out/>
  <testcase classname="com.annotations.TestAnnotations2" name="AccountEnquiry" time="0.001"/>
  <system-out/>
  <testcase classname="com.annotations.TestAnnotations2" name="Login" time="0.007"/>
  <system-out/>
</testsuite> <!-- com.annotations.TestAnnotations2 -->
