<?xml version="1.0" encoding="UTF-8"?>
<!-- Generated by org.testng.reporters.JUnitReportReporter -->
<testsuite hostname="THANHKHANH" failures="0" tests="2" name="com.testannotations.TestAnnotations" time="0.013" errors="0" timestamp="2020-06-01T23:58:12 PDT" skipped="0">
  <testcase classname="com.testannotations.TestAnnotations" name="Test1" time="0.009"/>
  <system-out/>
  <testcase classname="com.testannotations.TestAnnotations" name="Test2" time="0.004"/>
  <system-out/>
</testsuite> <!-- com.testannotations.TestAnnotations -->
