<?xml version="1.0" encoding="UTF-8"?>
<!-- Generated by org.testng.reporters.JUnitReportReporter -->
<testsuite hostname="THANHKHANH" failures="0" tests="2" name="com.dataprovider.Login" time="0.007" errors="0" timestamp="2020-06-07T08:46:40 PDT" skipped="0">
  <testcase classname="com.dataprovider.Login" name="LoginTestCase" time="0.006"/>
  <system-out/>
  <testcase classname="com.dataprovider.Login" name="LoginTestCase" time="0.001"/>
  <system-out/>
</testsuite> <!-- com.dataprovider.Login -->
