<?xml version="1.0" encoding="UTF-8"?>
<!-- Generated by org.testng.reporters.JUnitReportReporter -->
<testsuite hostname="THANHKHANH" failures="0" tests="2" name="com.groups.Test1" time="0.008" errors="0" timestamp="2020-06-07T09:15:49 PDT" skipped="0">
  <testcase classname="com.groups.Test1" name="testWindowsToo" time="0.001"/>
  <system-out/>
  <testcase classname="com.groups.Test1" name="testWindowsOnly" time="0.007"/>
  <system-out/>
</testsuite> <!-- com.groups.Test1 -->
