<?xml version="1.0" encoding="UTF-8"?>
<!-- Generated by org.testng.reporters.JUnitReportReporter -->
<testsuite hostname="THANHKHANH" failures="0" tests="1" name="testAnt.AntClass" time="12.561" errors="0" timestamp="2020-06-06T23:07:59 PDT" skipped="0">
  <testcase classname="testAnt.AntClass" name="TestNGMethod" time="12.561"/>
  <system-out/>
</testsuite> <!-- testAnt.AntClass -->
