<?xml version="1.0" encoding="UTF-8"?>
<!-- Generated by org.testng.reporters.JUnitReportReporter -->
<testsuite hostname="THANHKHANH" failures="0" tests="1" name="reportexcel.Test_01" time="6.745" errors="0" timestamp="2020-06-02T22:07:25 PDT" skipped="0">
  <testcase classname="reportexcel.Test_01" name="t_001" time="6.745"/>
  <system-out/>
</testsuite> <!-- reportexcel.Test_01 -->
